ğŸš€ Enhanced SOTA PGAT - GPU Component Testing with Logging
======================================================================
ğŸ“ Log file: component_testing_log_20251027_193020.log
ğŸ• Start time: 2025-10-27 19:30:20
======================================================================
Could not register with unified registry
WARNING:root:Could not import TSNormalizer from utils.normalization
WARNING:root:Wavelet components not available: attempted relative import beyond top-level package
ğŸ”¥ Starting GPU-accelerated component testing...
   â€¢ Using production workflow for proper scaling
   â€¢ Fixed d_model=104 (divisible by 13 celestial bodies)
   â€¢ Fixed n_heads=4 (proper attention division)
   â€¢ All outputs logged for analysis

ğŸš€ Starting Production Workflow Component Testing
ğŸŒŸ Enhanced SOTA PGAT - Production Workflow Component Testing
================================================================================
Using the EXACT same workflow as train_celestial_production.py
This ensures proper data scaling and eliminates matrix multiplication issues
================================================================================
ğŸš€ PROGRESSIVE COMPONENT TESTS - Production Workflow
======================================================================
Using the exact same data handling and training loop as production
Only the component flags are changed for systematic testing

ğŸš€ Testing: 01_Baseline
============================================================
ğŸ’¥ ERROR: 01_Baseline - num_samples should be a positive integer value, but got num_samples=0
ğŸ’¾ Results saved to results\production_workflow_tests\progressive_results.json

ğŸš€ Testing: 02_MultiScale_Patching
============================================================
ğŸ’¥ ERROR: 02_MultiScale_Patching - num_samples should be a positive integer value, but got num_samples=0
ğŸ’¾ Results saved to results\production_workflow_tests\progressive_results.json

ğŸš€ Testing: 03_Plus_Hierarchical
============================================================
ğŸ’¥ ERROR: 03_Plus_Hierarchical - num_samples should be a positive integer value, but got num_samples=0
ğŸ’¾ Results saved to results\production_workflow_tests\progressive_results.json

ğŸš€ Testing: 04_Plus_Stochastic
============================================================
ğŸ’¥ ERROR: 04_Plus_Stochastic - num_samples should be a positive integer value, but got num_samples=0
ğŸ’¾ Results saved to results\production_workflow_tests\progressive_results.json

ğŸš€ Testing: 05_Plus_GraphCombiner
============================================================
ğŸ’¥ ERROR: 05_Plus_GraphCombiner - num_samples should be a positive integer value, but got num_samples=0
ğŸ’¾ Results saved to results\production_workflow_tests\progressive_results.json

ğŸš€ Testing: 06_Full_Configuration
============================================================
ğŸ’¥ ERROR: 06_Full_Configuration - num_samples should be a positive integer value, but got num_samples=0
ğŸ’¾ Results saved to results\production_workflow_tests\progressive_results.json

ğŸš€ ABLATION STUDY TESTS - Production Workflow
==================================================

ğŸš€ Testing: Ablation_No_MultiScale
============================================================
ğŸ’¥ ERROR: Ablation_No_MultiScale - num_samples should be a positive integer value, but got num_samples=0
ğŸ’¾ Results saved to results\production_workflow_tests\ablation_results.json

ğŸš€ Testing: Ablation_No_Hierarchical
============================================================
ğŸ’¥ ERROR: Ablation_No_Hierarchical - num_samples should be a positive integer value, but got num_samples=0
ğŸ’¾ Results saved to results\production_workflow_tests\ablation_results.json

ğŸš€ Testing: Ablation_No_Stochastic
============================================================
ğŸ’¥ ERROR: Ablation_No_Stochastic - num_samples should be a positive integer value, but got num_samples=0
ğŸ’¾ Results saved to results\production_workflow_tests\ablation_results.json

ğŸš€ Testing: Ablation_No_GraphCombiner
============================================================
ğŸ’¥ ERROR: Ablation_No_GraphCombiner - num_samples should be a positive integer value, but got num_samples=0
ğŸ’¾ Results saved to results\production_workflow_tests\ablation_results.json

ğŸš€ Testing: Ablation_No_MixtureDecoder
============================================================
ğŸ’¥ ERROR: Ablation_No_MixtureDecoder - num_samples should be a positive integer value, but got num_samples=0
ğŸ’¾ Results saved to results\production_workflow_tests\ablation_results.json
ğŸ’¾ Results saved to results\production_workflow_tests\all_results.json
ğŸ“‹ Comprehensive report saved to results\production_workflow_tests\component_testing_report.md

================================================================================
ğŸ‰ PRODUCTION WORKFLOW TESTING COMPLETED
================================================================================
Key advantages of this approach:
âœ… Uses proven production data handling and scaling
âœ… Eliminates matrix multiplication issues
âœ… Ensures realistic loss values (no negative losses)
âœ… Direct comparison with production performance
ğŸ“ All results saved to: results\production_workflow_tests

ğŸ‰ Component testing completed successfully!
â±ï¸  Total runtime: 29.2 seconds

ğŸ“Š TESTING SUMMARY:
==================================================

PROGRESSIVE TESTS:
FAILED:
  âŒ 01_Baseline: num_samples should be a positive integer value, but got num_samples=0
  âŒ 02_MultiScale_Patching: num_samples should be a positive integer value, but got num_samples=0
  âŒ 03_Plus_Hierarchical: num_samples should be a positive integer value, but got num_samples=0
  âŒ 04_Plus_Stochastic: num_samples should be a positive integer value, but got num_samples=0
  âŒ 05_Plus_GraphCombiner: num_samples should be a positive integer value, but got num_samples=0
  âŒ 06_Full_Configuration: num_samples should be a positive integer value, but got num_samples=0

ABLATION TESTS:
FAILED:
  âŒ Ablation_No_MultiScale: num_samples should be a positive integer value, but got num_samples=0
  âŒ Ablation_No_Hierarchical: num_samples should be a positive integer value, but got num_samples=0
  âŒ Ablation_No_Stochastic: num_samples should be a positive integer value, but got num_samples=0
  âŒ Ablation_No_GraphCombiner: num_samples should be a positive integer value, but got num_samples=0
  âŒ Ablation_No_MixtureDecoder: num_samples should be a positive integer value, but got num_samples=0

ğŸ“ Detailed results saved in: results/production_workflow_tests/

âœ… SUCCESS: All outputs logged to component_testing_log_20251027_193020.log

ğŸ• End time: 2025-10-27 19:31:01
ğŸ“ Complete log saved to: component_testing_log_20251027_193020.log
